/scratch1/yliu8962/BIOC599_LongRead
FATAL:   Image file already exists: "tool/dorado_latest.sif" - will not overwrite
FATAL:   Image file already exists: "tool/clair3_latest.sif" - will not overwrite
dorado:   0.9.1+c8c2c9f+cu11080
libtorch: 2.0.0-ont
minimap2: 2.27-r1193
Clair3 v1.0.9
dorado:   0.9.1+c8c2c9f+cu11080
libtorch: 2.0.0-ont
minimap2: 2.27-r1193
--2025-02-01 08:32:17--  https://drive.google.com/uc?export=download&id=1fhAYa0uwGnbmeg4vEcFRhmbTxZT4whKG
Resolving drive.google.com (drive.google.com)... 142.250.217.142, 2607:f8b0:4007:818::200e
Connecting to drive.google.com (drive.google.com)|142.250.217.142|:443... connected.
HTTP request sent, awaiting response... 303 See Other
Location: https://drive.usercontent.google.com/download?id=1fhAYa0uwGnbmeg4vEcFRhmbTxZT4whKG&export=download [following]
--2025-02-01 08:32:18--  https://drive.usercontent.google.com/download?id=1fhAYa0uwGnbmeg4vEcFRhmbTxZT4whKG&export=download
Resolving drive.usercontent.google.com (drive.usercontent.google.com)... 142.250.68.33, 2607:f8b0:4007:810::2001
Connecting to drive.usercontent.google.com (drive.usercontent.google.com)|142.250.68.33|:443... connected.
HTTP request sent, awaiting response... 200 OK
Length: 21441080 (20M) [application/octet-stream]
Saving to: ‘data/nanopore_demo_data.pod5’

     0K .......... .......... .......... .......... ..........  0% 1.20M 17s
    50K .......... .......... .......... .......... ..........  0% 1.76M 14s
   100K .......... .......... .......... .......... ..........  0% 5.79M 11s
   150K .......... .......... .......... .......... ..........  0% 4.20M 9s
   200K .......... .......... .......... .......... ..........  1% 8.85M 8s
   250K .......... .......... .......... .......... ..........  1% 7.32M 7s
   300K .......... .......... .......... .......... ..........  1% 8.28M 6s
   350K .......... .......... .......... .......... ..........  1% 14.7M 6s
   400K .......... .......... .......... .......... ..........  2% 11.8M 5s
   450K .......... .......... .......... .......... ..........  2% 14.4M 5s
   500K .......... .......... .......... .......... ..........  2% 12.1M 5s
   550K .......... .......... .......... .......... ..........  2% 18.2M 4s
   600K .......... .......... .......... .......... ..........  3% 15.3M 4s
   650K .......... .......... .......... .......... ..........  3% 37.8M 4s
   700K .......... .......... .......... .......... ..........  3% 17.7M 4s
   750K .......... .......... .......... .......... ..........  3% 17.1M 3s
   800K .......... .......... .......... .......... ..........  4% 47.6M 3s
   850K .......... .......... .......... .......... ..........  4% 18.6M 3s
   900K .......... .......... .......... .......... ..........  4% 30.0M 3s
   950K .......... .......... .......... .......... ..........  4% 32.3M 3s
  1000K .......... .......... .......... .......... ..........  5% 15.5M 3s
  1050K .......... .......... .......... .......... ..........  5%  177M 3s
  1100K .......... .......... .......... .......... ..........  5% 28.7M 3s
  1150K .......... .......... .......... .......... ..........  5% 27.4M 2s
  1200K .......... .......... .......... .......... ..........  5% 46.9M 2s
  1250K .......... .......... .......... .......... ..........  6% 37.8M 2s
  1300K .......... .......... .......... .......... ..........  6% 78.7M 2s
  1350K .......... .......... .......... .......... ..........  6% 17.4M 2s
  1400K .......... .......... .......... .......... ..........  6% 46.8M 2s
  1450K .......... .......... .......... .......... ..........  7% 93.0M 2s
  1500K .......... .......... .......... .......... ..........  7% 28.6M 2s
  1550K .......... .......... .......... .......... ..........  7%  115M 2s
  1600K .......... .......... .......... .......... ..........  7% 43.8M 2s
  1650K .......... .......... .......... .......... ..........  8%  108M 2s
  1700K .......... .......... .......... .......... ..........  8% 17.0M 2s
  1750K .......... .......... .......... .......... ..........  8% 61.1M 2s
  1800K .......... .......... .......... .......... ..........  8%  132M 2s
  1850K .......... .......... .......... .......... ..........  9% 55.8M 2s
  1900K .......... .......... .......... .......... ..........  9%  109M 2s
  1950K .......... .......... .......... .......... ..........  9%  103M 2s
  2000K .......... .......... .......... .......... ..........  9% 40.6M 2s
  2050K .......... .......... .......... .......... .......... 10% 73.8M 1s
  2100K .......... .......... .......... .......... .......... 10% 42.8M 1s
  2150K .......... .......... .......... .......... .......... 10% 30.1M 1s
  2200K .......... .......... .......... .......... .......... 10%  123M 1s
  2250K .......... .......... .......... .......... .......... 10%  107M 1s
  2300K .......... .......... .......... .......... .......... 11% 76.5M 1s
  2350K .......... .......... .......... .......... .......... 11% 66.1M 1s
  2400K .......... .......... .......... .......... .......... 11% 66.4M 1s
  2450K .......... .......... .......... .......... .......... 11% 62.2M 1s
  2500K .......... .......... .......... .......... .......... 12%  108M 1s
  2550K .......... .......... .......... .......... .......... 12% 47.5M 1s
  2600K .......... .......... .......... .......... .......... 12% 86.6M 1s
  2650K .......... .......... .......... .......... .......... 12% 69.7M 1s
  2700K .......... .......... .......... .......... .......... 13% 44.1M 1s
  2750K .......... .......... .......... .......... .......... 13% 87.5M 1s
  2800K .......... .......... .......... .......... .......... 13%  130M 1s
  2850K .......... .......... .......... .......... .......... 13%  135M 1s
  2900K .......... .......... .......... .......... .......... 14% 91.4M 1s
  2950K .......... .......... .......... .......... .......... 14% 93.8M 1s
  3000K .......... .......... .......... .......... .......... 14% 67.7M 1s
  3050K .......... .......... .......... .......... .......... 14% 89.8M 1s
  3100K .......... .......... .......... .......... .......... 15%  105M 1s
  3150K .......... .......... .......... .......... .......... 15% 87.8M 1s
  3200K .......... .......... .......... .......... .......... 15% 89.9M 1s
  3250K .......... .......... .......... .......... .......... 15% 44.7M 1s
  3300K .......... .......... .......... .......... .......... 15% 90.1M 1s
  3350K .......... .......... .......... .......... .......... 16%  124M 1s
  3400K .......... .......... .......... .......... .......... 16% 90.9M 1s
  3450K .......... .......... .......... .......... .......... 16%  131M 1s
  3500K .......... .......... .......... .......... .......... 16%  136M 1s
  3550K .......... .......... .......... .......... .......... 17% 59.6M 1s
  3600K .......... .......... .......... .......... .......... 17%  240M 1s
  3650K .......... .......... .......... .......... .......... 17%  120M 1s
  3700K .......... .......... .......... .......... .......... 17%  131M 1s
  3750K .......... .......... .......... .......... .......... 18%  112M 1s
  3800K .......... .......... .......... .......... .......... 18%  101M 1s
  3850K .......... .......... .......... .......... .......... 18%  131M 1s
  3900K .......... .......... .......... .......... .......... 18% 21.9M 1s
  3950K .......... .......... .......... .......... .......... 19% 39.1M 1s
  4000K .......... .......... .......... .......... .......... 19% 92.2M 1s
  4050K .......... .......... .......... .......... .......... 19%  244K 2s
  4100K .......... .......... .......... .......... .......... 19% 91.6M 2s
  4150K .......... .......... .......... .......... .......... 20%  134M 2s
  4200K .......... .......... .......... .......... .......... 20%  123M 2s
  4250K .......... .......... .......... .......... .......... 20% 92.1M 2s
  4300K .......... .......... .......... .......... .......... 20%  132M 2s
  4350K .......... .......... .......... .......... .......... 21%  141M 2s
  4400K .......... .......... .......... .......... .......... 21% 90.1M 1s
  4450K .......... .......... .......... .......... .......... 21% 97.7M 1s
  4500K .......... .......... .......... .......... .......... 21%  111M 1s
  4550K .......... .......... .......... .......... .......... 21%  116M 1s
  4600K .......... .......... .......... .......... .......... 22% 74.9M 1s
  4650K .......... .......... .......... .......... .......... 22%  132M 1s
  4700K .......... .......... .......... .......... .......... 22%  132M 1s
  4750K .......... .......... .......... .......... .......... 22%  135M 1s
  4800K .......... .......... .......... .......... .......... 23%  103M 1s
  4850K .......... .......... .......... .......... .......... 23%  110M 1s
  4900K .......... .......... .......... .......... .......... 23%  109M 1s
  4950K .......... .......... .......... .......... .......... 23%  117M 1s
  5000K .......... .......... .......... .......... .......... 24%  110M 1s
  5050K .......... .......... .......... .......... .......... 24%  112M 1s
  5100K .......... .......... .......... .......... .......... 24% 66.9M 1s
  5150K .......... .......... .......... .......... .......... 24%  126M 1s
  5200K .......... .......... .......... .......... .......... 25%  135M 1s
  5250K .......... .......... .......... .......... .......... 25%  137M 1s
  5300K .......... .......... .......... .......... .......... 25%  137M 1s
  5350K .......... .......... .......... .......... .......... 25%  109M 1s
  5400K .......... .......... .......... .......... .......... 26%  134M 1s
  5450K .......... .......... .......... .......... .......... 26%  128M 1s
  5500K .......... .......... .......... .......... .......... 26%  101M 1s
  5550K .......... .......... .......... .......... .......... 26% 92.7M 1s
  5600K .......... .......... .......... .......... .......... 26% 71.0M 1s
  5650K .......... .......... .......... .......... .......... 27%  283M 1s
  5700K .......... .......... .......... .......... .......... 27%  158M 1s
  5750K .......... .......... .......... .......... .......... 27%  111M 1s
  5800K .......... .......... .......... .......... .......... 27% 97.1M 1s
  5850K .......... .......... .......... .......... .......... 28%  131M 1s
  5900K .......... .......... .......... .......... .......... 28%  130M 1s
  5950K .......... .......... .......... .......... .......... 28% 90.1M 1s
  6000K .......... .......... .......... .......... .......... 28%  115M 1s
  6050K .......... .......... .......... .......... .......... 29% 97.2M 1s
  6100K .......... .......... .......... .......... .......... 29%  132M 1s
  6150K .......... .......... .......... .......... .......... 29% 95.7M 1s
  6200K .......... .......... .......... .......... .......... 29%  161M 1s
  6250K .......... .......... .......... .......... .......... 30% 95.7M 1s
  6300K .......... .......... .......... .......... .......... 30%  133M 1s
  6350K .......... .......... .......... .......... .......... 30% 90.0M 1s
  6400K .......... .......... .......... .......... .......... 30%  129M 1s
  6450K .......... .......... .......... .......... .......... 31%  117M 1s
  6500K .......... .......... .......... .......... .......... 31% 95.9M 1s
  6550K .......... .......... .......... .......... .......... 31%  128M 1s
  6600K .......... .......... .......... .......... .......... 31%  127M 1s
  6650K .......... .......... .......... .......... .......... 31% 80.2M 1s
  6700K .......... .......... .......... .......... .......... 32%  154M 1s
  6750K .......... .......... .......... .......... .......... 32% 91.1M 1s
  6800K .......... .......... .......... .......... .......... 32%  133M 1s
  6850K .......... .......... .......... .......... .......... 32%  131M 1s
  6900K .......... .......... .......... .......... .......... 33%  117M 1s
  6950K .......... .......... .......... .......... .......... 33% 92.3M 1s
  7000K .......... .......... .......... .......... .......... 33%  132M 1s
  7050K .......... .......... .......... .......... .......... 33%  130M 1s
  7100K .......... .......... .......... .......... .......... 34%  117M 1s
  7150K .......... .......... .......... .......... .......... 34% 66.4M 1s
  7200K .......... .......... .......... .......... .......... 34%  283M 1s
  7250K .......... .......... .......... .......... .......... 34% 91.6M 1s
  7300K .......... .......... .......... .......... .......... 35%  132M 1s
  7350K .......... .......... .......... .......... .......... 35% 89.9M 1s
  7400K .......... .......... .......... .......... .......... 35%  130M 1s
  7450K .......... .......... .......... .......... .......... 35%  117M 1s
  7500K .......... .......... .......... .......... .......... 36% 94.4M 1s
  7550K .......... .......... .......... .......... .......... 36%  129M 1s
  7600K .......... .......... .......... .......... .......... 36%  127M 1s
  7650K .......... .......... .......... .......... .......... 36% 66.2M 1s
  7700K .......... .......... .......... .......... .......... 37%  264M 1s
  7750K .......... .......... .......... .......... .......... 37% 89.5M 1s
  7800K .......... .......... .......... .......... .......... 37%  133M 1s
  7850K .......... .......... .......... .......... .......... 37%  128M 1s
  7900K .......... .......... .......... .......... .......... 37%  118M 1s
  7950K .......... .......... .......... .......... .......... 38% 93.6M 1s
  8000K .......... .......... .......... .......... .......... 38%  130M 1s
  8050K .......... .......... .......... .......... .......... 38%  132M 1s
  8100K .......... .......... .......... .......... .......... 38%  117M 1s
  8150K .......... .......... .......... .......... .......... 39% 8.81M 1s
  8200K .......... .......... .......... .......... .......... 39% 88.7M 1s
  8250K .......... .......... .......... .......... .......... 39%  133M 1s
  8300K .......... .......... .......... .......... .......... 39% 91.3M 1s
  8350K .......... .......... .......... .......... .......... 40%  133M 1s
  8400K .......... .......... .......... .......... .......... 40% 91.7M 1s
  8450K .......... .......... .......... .......... .......... 40%  133M 1s
  8500K .......... .......... .......... .......... .......... 40% 91.5M 1s
  8550K .......... .......... .......... .......... .......... 41%  129M 1s
  8600K .......... .......... .......... .......... .......... 41%  128M 1s
  8650K .......... .......... .......... .......... .......... 41% 88.0M 1s
  8700K .......... .......... .......... .......... .......... 41%  124M 1s
  8750K .......... .......... .......... .......... .......... 42%  138M 1s
  8800K .......... .......... .......... .......... .......... 42% 90.8M 1s
  8850K .......... .......... .......... .......... .......... 42%  132M 1s
  8900K .......... .......... .......... .......... .......... 42% 87.5M 1s
  8950K .......... .......... .......... .......... .......... 42%  132M 1s
  9000K .......... .......... .......... .......... .......... 43%  125M 1s
  9050K .......... .......... .......... .......... .......... 43%  114M 1s
  9100K .......... .......... .......... .......... .......... 43% 97.3M 1s
  9150K .......... .......... .......... .......... .......... 43%  132M 1s
  9200K .......... .......... .......... .......... .......... 44% 88.4M 1s
  9250K .......... .......... .......... .......... .......... 44%  135M 1s
  9300K .......... .......... .......... .......... .......... 44%  113M 1s
  9350K .......... .......... .......... .......... .......... 44% 98.1M 1s
  9400K .......... .......... .......... .......... .......... 45%  125M 1s
  9450K .......... .......... .......... .......... .......... 45%  131M 1s
  9500K .......... .......... .......... .......... .......... 45%  111M 1s
  9550K .......... .......... .......... .......... .......... 45% 99.4M 1s
  9600K .......... .......... .......... .......... .......... 46% 91.0M 1s
  9650K .......... .......... .......... .......... .......... 46%  132M 1s
  9700K .......... .......... .......... .......... .......... 46%  101M 1s
  9750K .......... .......... .......... .......... .......... 46%  156M 1s
  9800K .......... .......... .......... .......... .......... 47% 94.0M 1s
  9850K .......... .......... .......... .......... .......... 47%  130M 1s
  9900K .......... .......... .......... .......... .......... 47%  132M 1s
  9950K .......... .......... .......... .......... .......... 47%  117M 0s
 10000K .......... .......... .......... .......... .......... 47% 88.4M 0s
 10050K .......... .......... .......... .......... .......... 48% 96.3M 0s
 10100K .......... .......... .......... .......... .......... 48%  133M 0s
 10150K .......... .......... .......... .......... .......... 48%  130M 0s
 10200K .......... .......... .......... .......... .......... 48% 75.5M 0s
 10250K .......... .......... .......... .......... .......... 49%  168M 0s
 10300K .......... .......... .......... .......... .......... 49%  130M 0s
 10350K .......... .......... .......... .......... .......... 49%  130M 0s
 10400K .......... .......... .......... .......... .......... 49%  157K 1s
 10450K .......... .......... .......... .......... .......... 50%  126M 1s
 10500K .......... .......... .......... .......... .......... 50%  103M 1s
 10550K .......... .......... .......... .......... .......... 50% 91.2M 1s
 10600K .......... .......... .......... .......... .......... 50%  133M 1s
 10650K .......... .......... .......... .......... .......... 51% 90.3M 1s
 10700K .......... .......... .......... .......... .......... 51%  127M 1s
 10750K .......... .......... .......... .......... .......... 51% 93.7M 1s
 10800K .......... .......... .......... .......... .......... 51%  198M 1s
 10850K .......... .......... .......... .......... .......... 52%  115M 1s
 10900K .......... .......... .......... .......... .......... 52% 96.7M 1s
 10950K .......... .......... .......... .......... .......... 52% 91.1M 1s
 11000K .......... .......... .......... .......... .......... 52%  130M 1s
 11050K .......... .......... .......... .......... .......... 53%  131M 1s
 11100K .......... .......... .......... .......... .......... 53%  113M 1s
 11150K .......... .......... .......... .......... .......... 53% 94.9M 1s
 11200K .......... .......... .......... .......... .......... 53%  129M 1s
 11250K .......... .......... .......... .......... .......... 53% 73.7M 1s
 11300K .......... .......... .......... .......... .......... 54%  186M 1s
 11350K .......... .......... .......... .......... .......... 54%  130M 1s
 11400K .......... .......... .......... .......... .......... 54%  111M 1s
 11450K .......... .......... .......... .......... .......... 54% 99.7M 1s
 11500K .......... .......... .......... .......... .......... 55% 91.1M 1s
 11550K .......... .......... .......... .......... .......... 55%  132M 1s
 11600K .......... .......... .......... .......... .......... 55%  131M 1s
 11650K .......... .......... .......... .......... .......... 55%  111M 1s
 11700K .......... .......... .......... .......... .......... 56% 95.4M 1s
 11750K .......... .......... .......... .......... .......... 56% 78.7M 1s
 11800K .......... .......... .......... .......... .......... 56%  225M 1s
 11850K .......... .......... .......... .......... .......... 56%  139M 1s
 11900K .......... .......... .......... .......... .......... 57% 91.9M 1s
 11950K .......... .......... .......... .......... .......... 57% 99.6M 1s
 12000K .......... .......... .......... .......... .......... 57%  130M 1s
 12050K .......... .......... .......... .......... .......... 57%  132M 1s
 12100K .......... .......... .......... .......... .......... 58%  106M 1s
 12150K .......... .......... .......... .......... .......... 58%  100M 1s
 12200K .......... .......... .......... .......... .......... 58%  131M 1s
 12250K .......... .......... .......... .......... .......... 58% 71.4M 1s
 12300K .......... .......... .......... .......... .......... 58%  183M 1s
 12350K .......... .......... .......... .......... .......... 59%  132M 1s
 12400K .......... .......... .......... .......... .......... 59% 95.5M 1s
 12450K .......... .......... .......... .......... .......... 59%  130M 1s
 12500K .......... .......... .......... .......... .......... 59%  127M 1s
 12550K .......... .......... .......... .......... .......... 60%  119M 1s
 12600K .......... .......... .......... .......... .......... 60% 95.0M 1s
 12650K .......... .......... .......... .......... .......... 60%  129M 1s
 12700K .......... .......... .......... .......... .......... 60% 89.2M 1s
 12750K .......... .......... .......... .......... .......... 61%  132M 1s
 12800K .......... .......... .......... .......... .......... 61% 87.4M 1s
 12850K .......... .......... .......... .......... .......... 61%  128M 0s
 12900K .......... .......... .......... .......... .......... 61%  131M 0s
 12950K .......... .......... .......... .......... .......... 62%  130M 0s
 13000K .......... .......... .......... .......... .......... 62%  116M 0s
 13050K .......... .......... .......... .......... .......... 62% 95.7M 0s
 13100K .......... .......... .......... .......... .......... 62% 90.5M 0s
 13150K .......... .......... .......... .......... .......... 63%  129M 0s
 13200K .......... .......... .......... .......... .......... 63%  118M 0s
 13250K .......... .......... .......... .......... .......... 63% 95.4M 0s
 13300K .......... .......... .......... .......... .......... 63%  104M 0s
 13350K .......... .......... .......... .......... .......... 63%  169M 0s
 13400K .......... .......... .......... .......... .......... 64%  119M 0s
 13450K .......... .......... .......... .......... .......... 64% 94.7M 0s
 13500K .......... .......... .......... .......... .......... 64% 89.7M 0s
 13550K .......... .......... .......... .......... .......... 64%  132M 0s
 13600K .......... .......... .......... .......... .......... 65%  131M 0s
 13650K .......... .......... .......... .......... .......... 65%  116M 0s
 13700K .......... .......... .......... .......... .......... 65% 93.5M 0s
 13750K .......... .......... .......... .......... .......... 65%  130M 0s
 13800K .......... .......... .......... .......... .......... 66% 84.3M 0s
 13850K .......... .......... .......... .......... .......... 66%  228M 0s
 13900K .......... .......... .......... .......... .......... 66% 90.7M 0s
 13950K .......... .......... .......... .......... .......... 66% 94.5M 0s
 14000K .......... .......... .......... .......... .......... 67%  132M 0s
 14050K .......... .......... .......... .......... .......... 67%  128M 0s
 14100K .......... .......... .......... .......... .......... 67%  116M 0s
 14150K .......... .......... .......... .......... .......... 67% 94.9M 0s
 14200K .......... .......... .......... .......... .......... 68%  131M 0s
 14250K .......... .......... .......... .......... .......... 68%  126M 0s
 14300K .......... .......... .......... .......... .......... 68% 70.3M 0s
 14350K .......... .......... .......... .......... .......... 68%  223M 0s
 14400K .......... .......... .......... .......... .......... 69%  128M 0s
 14450K .......... .......... .......... .......... .......... 69%  119M 0s
 14500K .......... .......... .......... .......... .......... 69% 90.0M 0s
 14550K .......... .......... .......... .......... .......... 69% 94.8M 0s
 14600K .......... .......... .......... .......... .......... 69%  130M 0s
 14650K .......... .......... .......... .......... .......... 70%  130M 0s
 14700K .......... .......... .......... .......... .......... 70% 88.2M 0s
 14750K .......... .......... .......... .......... .......... 70%  132M 0s
 14800K .......... .......... .......... .......... .......... 70%  118M 0s
 14850K .......... .......... .......... .......... .......... 71% 94.2M 0s
 14900K .......... .......... .......... .......... .......... 71%  126M 0s
 14950K .......... .......... .......... .......... .......... 71%  132M 0s
 15000K .......... .......... .......... .......... .......... 71%  118M 0s
 15050K .......... .......... .......... .......... .......... 72% 96.3M 0s
 15100K .......... .......... .......... .......... .......... 72% 89.6M 0s
 15150K .......... .......... .......... .......... .......... 72%  128M 0s
 15200K .......... .......... .......... .......... .......... 72%  131M 0s
 15250K .......... .......... .......... .......... .......... 73%  119M 0s
 15300K .......... .......... .......... .......... .......... 73% 93.6M 0s
 15350K .......... .......... .......... .......... .......... 73%  106M 0s
 15400K .......... .......... .......... .......... .......... 73%  166M 0s
 15450K .......... .......... .......... .......... .......... 74%  115M 0s
 15500K .......... .......... .......... .......... .......... 74% 91.0M 0s
 15550K .......... .......... .......... .......... .......... 74% 95.1M 0s
 15600K .......... .......... .......... .......... .......... 74%  131M 0s
 15650K .......... .......... .......... .......... .......... 74%  132M 0s
 15700K .......... .......... .......... .......... .......... 75%  114M 0s
 15750K .......... .......... .......... .......... .......... 75% 95.3M 0s
 15800K .......... .......... .......... .......... .......... 75%  129M 0s
 15850K .......... .......... .......... .......... .......... 75% 86.7M 0s
 15900K .......... .......... .......... .......... .......... 76%  138M 0s
 15950K .......... .......... .......... .......... .......... 76%  120M 0s
 16000K .......... .......... .......... .......... .......... 76% 93.9M 0s
 16050K .......... .......... .......... .......... .......... 76%  133M 0s
 16100K .......... .......... .......... .......... .......... 77%  126M 0s
 16150K .......... .......... .......... .......... .......... 77%  119M 0s
 16200K .......... .......... .......... .......... .......... 77% 94.6M 0s
 16250K .......... .......... .......... .......... .......... 77%  130M 0s
 16300K .......... .......... .......... .......... .......... 78% 90.2M 0s
 16350K .......... .......... .......... .......... .......... 78%  234K 0s
 16400K .......... .......... .......... .......... .......... 78% 49.2M 0s
 16450K .......... .......... .......... .......... .......... 78%  110M 0s
 16500K .......... .......... .......... .......... .......... 79%  106M 0s
 16550K .......... .......... .......... .......... .......... 79%  132M 0s
 16600K .......... .......... .......... .......... .......... 79%  105M 0s
 16650K .......... .......... .......... .......... .......... 79%  101M 0s
 16700K .......... .......... .......... .......... .......... 79%  138M 0s
 16750K .......... .......... .......... .......... .......... 80%  104M 0s
 16800K .......... .......... .......... .......... .......... 80% 97.9M 0s
 16850K .......... .......... .......... .......... .......... 80%  132M 0s
 16900K .......... .......... .......... .......... .......... 80% 69.3M 0s
 16950K .......... .......... .......... .......... .......... 81%  121M 0s
 17000K .......... .......... .......... .......... .......... 81%  151M 0s
 17050K .......... .......... .......... .......... .......... 81%  123M 0s
 17100K .......... .......... .......... .......... .......... 81%  132M 0s
 17150K .......... .......... .......... .......... .......... 82%  115M 0s
 17200K .......... .......... .......... .......... .......... 82%  108M 0s
 17250K .......... .......... .......... .......... .......... 82%  107M 0s
 17300K .......... .......... .......... .......... .......... 82%  131M 0s
 17350K .......... .......... .......... .......... .......... 83% 90.4M 0s
 17400K .......... .......... .......... .......... .......... 83% 69.9M 0s
 17450K .......... .......... .......... .......... .......... 83%  149M 0s
 17500K .......... .......... .......... .......... .......... 83%  148M 0s
 17550K .......... .......... .......... .......... .......... 84%  136M 0s
 17600K .......... .......... .......... .......... .......... 84%  132M 0s
 17650K .......... .......... .......... .......... .......... 84% 91.4M 0s
 17700K .......... .......... .......... .......... .......... 84%  131M 0s
 17750K .......... .......... .......... .......... .......... 85% 92.3M 0s
 17800K .......... .......... .......... .......... .......... 85%  129M 0s
 17850K .......... .......... .......... .......... .......... 85%  107M 0s
 17900K .......... .......... .......... .......... .......... 85% 82.6M 0s
 17950K .......... .......... .......... .......... .......... 85%  200M 0s
 18000K .......... .......... .......... .......... .......... 86%  129M 0s
 18050K .......... .......... .......... .......... .......... 86%  131M 0s
 18100K .......... .......... .......... .......... .......... 86%  113M 0s
 18150K .......... .......... .......... .......... .......... 86% 91.5M 0s
 18200K .......... .......... .......... .......... .......... 87% 96.1M 0s
 18250K .......... .......... .......... .......... .......... 87%  132M 0s
 18300K .......... .......... .......... .......... .......... 87%  115M 0s
 18350K .......... .......... .......... .......... .......... 87% 94.6M 0s
 18400K .......... .......... .......... .......... .......... 88% 84.5M 0s
 18450K .......... .......... .......... .......... .......... 88%  278M 0s
 18500K .......... .......... .......... .......... .......... 88%  133M 0s
 18550K .......... .......... .......... .......... .......... 88% 90.0M 0s
 18600K .......... .......... .......... .......... .......... 89% 87.8M 0s
 18650K .......... .......... .......... .......... .......... 89%  202M 0s
 18700K .......... .......... .......... .......... .......... 89% 93.8M 0s
 18750K .......... .......... .......... .......... .......... 89%  132M 0s
 18800K .......... .......... .......... .......... .......... 90% 90.1M 0s
 18850K .......... .......... .......... .......... .......... 90%  128M 0s
 18900K .......... .......... .......... .......... .......... 90% 75.4M 0s
 18950K .......... .......... .......... .......... .......... 90%  179M 0s
 19000K .......... .......... .......... .......... .......... 90%  113M 0s
 19050K .......... .......... .......... .......... .......... 91% 98.2M 0s
 19100K .......... .......... .......... .......... .......... 91%  132M 0s
 19150K .......... .......... .......... .......... .......... 91%  126M 0s
 19200K .......... .......... .......... .......... .......... 91%  118M 0s
 19250K .......... .......... .......... .......... .......... 92% 94.7M 0s
 19300K .......... .......... .......... .......... .......... 92%  131M 0s
 19350K .......... .......... .......... .......... .......... 92% 89.6M 0s
 19400K .......... .......... .......... .......... .......... 92%  131M 0s
 19450K .......... .......... .......... .......... .......... 93%  116M 0s
 19500K .......... .......... .......... .......... .......... 93% 96.0M 0s
 19550K .......... .......... .......... .......... .......... 93%  130M 0s
 19600K .......... .......... .......... .......... .......... 93%  119M 0s
 19650K .......... .......... .......... .......... .......... 94% 96.3M 0s
 19700K .......... .......... .......... .......... .......... 94%  128M 0s
 19750K .......... .......... .......... .......... .......... 94%  128M 0s
 19800K .......... .......... .......... .......... .......... 94%  119M 0s
 19850K .......... .......... .......... .......... .......... 95% 95.4M 0s
 19900K .......... .......... .......... .......... .......... 95%  129M 0s
 19950K .......... .......... .......... .......... .......... 95% 75.2M 0s
 20000K .......... .......... .......... .......... .......... 95%  177M 0s
 20050K .......... .......... .......... .......... .......... 95%  116M 0s
 20100K .......... .......... .......... .......... .......... 96% 99.7M 0s
 20150K .......... .......... .......... .......... .......... 96%  121M 0s
 20200K .......... .......... .......... .......... .......... 96%  132M 0s
 20250K .......... .......... .......... .......... .......... 96%  117M 0s
 20300K .......... .......... .......... .......... .......... 97% 94.7M 0s
 20350K .......... .......... .......... .......... .......... 97% 90.8M 0s
 20400K .......... .......... .......... .......... .......... 97%  130M 0s
 20450K .......... .......... .......... .......... .......... 97% 67.9M 0s
 20500K .......... .......... .......... .......... .......... 98%  237M 0s
 20550K .......... .......... .......... .......... .......... 98%  127M 0s
 20600K .......... .......... .......... .......... .......... 98%  129M 0s
 20650K .......... .......... .......... .......... .......... 98%  118M 0s
 20700K .......... .......... .......... .......... .......... 99% 95.5M 0s
 20750K .......... .......... .......... .......... .......... 99% 89.6M 0s
 20800K .......... .......... .......... .......... .......... 99%  131M 0s
 20850K .......... .......... .......... .......... .......... 99%  130M 0s
 20900K .......... .......... .......... ........             100%  160M=1.1s

2025-02-01 08:32:22 (18.9 MB/s) - ‘data/nanopore_demo_data.pod5’ saved [21441080/21441080]

ln: failed to create symbolic link 'data/hg38_chr11_chr15.fa.fai': File exists
ln: failed to create symbolic link 'data/hg38_chr11_chr15.fa': File exists
File version in memory 0.3.15, read table version 3.
File version on disk 0.3.15.
File uses VBZ compression.
Batch 1, 49 reads
Found 1 batches, 49 reads
read_id,channel,well,pore_type,read_number,start_sample,end_reason,median_before,num_samples,byte_count,signal_compression_ratio,num_minknow_events,tracked_scaling,predicted_scaling,num_reads_since_mux_change,time_since_mux_change
03356297-f9e6-4e0f-a2b1-0025970adbd9,307,4,not_set,3706,40379970,unknown,225.2,1381138,1129005,0.409,0,(nan nan),(nan nan),0,0.0
04617275-903c-402f-ab95-64912c35ed54,230,1,not_set,11947,85225532,unknown,239.8,975160,791178,0.406,0,(nan nan),(nan nan),0,0.0
046fdcfb-87b4-4b73-943a-c8980747de26,2,2,not_set,2883,26839420,unknown,216.0,596390,487046,0.408,0,(nan nan),(nan nan),0,0.0
0a79fa46-2877-4580-b434-1131bec8a653,211,4,not_set,85,4408755,unknown,250.8,484944,410522,0.423,0,(nan nan),(nan nan),0,0.0
0ac7ae7d-41fa-49a7-ac6c-aae354a8feb4,384,3,not_set,5568,125980872,unknown,65.2,248536,200308,0.403,0,(nan nan),(nan nan),0,0.0
0c2d5fd0-1c3e-494c-88bf-a2f71e3b14e7,356,2,not_set,24086,156422664,unknown,221.2,758333,615240,0.406,0,(nan nan),(nan nan),0,0.0
10903eb1-6b92-40d5-bd9c-23ba9ad67242,87,4,not_set,3618,40546750,unknown,209.3,670137,536625,0.400,0,(nan nan),(nan nan),0,0.0
123071f3-82a2-4a06-ae3d-61ea81e9bc19,493,3,not_set,12953,164030682,unknown,229.9,83592,68276,0.408,0,(nan nan),(nan nan),0,0.0
17561318-f099-4610-a99f-1aad7b70d842,411,2,not_set,10879,73996647,unknown,231.5,511956,423901,0.414,0,(nan nan),(nan nan),0,0.0
1f230ea7-31c1-4702-9b42-a932f34a8390,159,1,not_set,47773,283393657,unknown,184.3,941249,772234,0.410,0,(nan nan),(nan nan),0,0.0
20e93ba0-2755-46d1-a7b3-1a1743a86bc7,233,2,not_set,43569,271727888,unknown,259.6,253999,216780,0.427,0,(nan nan),(nan nan),0,0.0
2243eb19-3016-4b48-8911-97f5fd214b78,55,3,not_set,3009,21339142,unknown,207.9,492790,402167,0.408,0,(nan nan),(nan nan),0,0.0
25776d03-1331-40c1-adee-9e86547c51fc,457,1,not_set,2150,35305099,unknown,253.4,991931,857368,0.432,0,(nan nan),(nan nan),0,0.0
28703d85-fda2-4f66-830c-54db2e7b18f7,81,4,not_set,30822,204976712,unknown,271.9,366315,304139,0.415,0,(nan nan),(nan nan),0,0.0
3586739c-3aea-4847-83aa-e176ba71b3d7,29,4,not_set,19952,272904502,unknown,251.1,912616,764918,0.419,0,(nan nan),(nan nan),0,0.0
42625b84-792c-4933-bfca-90c98bf70f79,196,2,not_set,26960,241581402,unknown,229.1,531608,444919,0.418,0,(nan nan),(nan nan),0,0.0
46ec7b33-87cc-48ab-b38c-e812a6949758,115,1,not_set,5262,67107297,unknown,228.4,333825,271655,0.407,0,(nan nan),(nan nan),0,0.0
5c84b642-9076-4932-9b17-ef1fce3c56de,408,2,not_set,18077,147954054,unknown,224.9,39180,32628,0.416,0,(nan nan),(nan nan),0,0.0
6ca5e1ad-dfc5-4a14-b6ed-452b6ff12f7a,97,3,not_set,3157,30887136,unknown,3.1,317973,256032,0.403,0,(nan nan),(nan nan),0,0.0
71f56f58-144f-4245-999f-488c6e6aee5d,253,3,not_set,47625,328986891,unknown,215.5,74947,61806,0.412,0,(nan nan),(nan nan),0,0.0
762401a4-9324-4e98-8e33-102bfde77394,436,3,not_set,3193,15051810,unknown,211.7,17072,14182,0.415,0,(nan nan),(nan nan),0,0.0
7f319831-4154-4f31-a376-3f9565e02658,274,1,not_set,603,13378957,unknown,238.1,121616,104425,0.429,0,(nan nan),(nan nan),0,0.0
8281d603-c084-407c-8307-52bd71584fc6,181,1,not_set,2016,4652162,unknown,224.9,1031992,848398,0.411,0,(nan nan),(nan nan),0,0.0
85cf7c07-b4f3-4e14-817b-aefc31eaa130,112,1,not_set,967,10983111,unknown,212.3,696034,567087,0.407,0,(nan nan),(nan nan),0,0.0
88305012-f675-4cbc-afa5-79ac865323ba,455,2,not_set,8490,105755189,unknown,197.6,384284,313281,0.408,0,(nan nan),(nan nan),0,0.0
8dc9e2da-6f2f-4099-8180-2c177baeb835,412,1,not_set,3229,43455172,unknown,209.1,466822,376716,0.403,0,(nan nan),(nan nan),0,0.0
8fa62338-13b8-43fd-94f2-1af9335b5b6b,414,4,not_set,54022,584675293,unknown,229.0,812642,679049,0.418,0,(nan nan),(nan nan),0,0.0
90f1851c-b432-4d16-b868-7be1727fd019,227,4,not_set,25669,263336383,unknown,248.5,265192,226493,0.427,0,(nan nan),(nan nan),0,0.0
95c5f742-8819-4224-8ef7-0cdc3f5c51fe,26,1,not_set,538,9581989,unknown,255.7,349263,304987,0.437,0,(nan nan),(nan nan),0,0.0
972ee89b-1697-47dd-a061-c95b2d8aa62a,219,2,not_set,43644,165208196,unknown,249.1,129734,109893,0.424,0,(nan nan),(nan nan),0,0.0
9b94789e-376e-4588-b938-417e59d530a6,134,1,not_set,3548,48432215,unknown,216.1,256133,205838,0.402,0,(nan nan),(nan nan),0,0.0
9c541cbd-589d-4725-a9c4-f3e8207638a4,195,3,not_set,4303,50422701,unknown,217.7,467430,374782,0.401,0,(nan nan),(nan nan),0,0.0
b18df7f1-4b02-4a47-b741-6687e23cb245,195,3,not_set,4301,49881106,unknown,225.5,541545,430923,0.398,0,(nan nan),(nan nan),0,0.0
bb28f7da-4ca0-4ced-a016-e41e743b3efb,485,3,not_set,192,3752933,unknown,215.7,415249,347923,0.419,0,(nan nan),(nan nan),0,0.0
bcb6eaf4-c6ec-4917-9d67-9ccb2760939e,195,1,not_set,861,10685078,unknown,243.5,673858,543931,0.404,0,(nan nan),(nan nan),0,0.0
bd61eb55-09af-45d4-9334-4795255b7686,25,4,not_set,5008,35486828,unknown,234.1,975393,838631,0.430,0,(nan nan),(nan nan),0,0.0
c0a2bd8e-4548-4e03-a393-0ff1b129cf36,437,4,not_set,5968,65520558,unknown,232.6,496414,418209,0.421,0,(nan nan),(nan nan),0,0.0
c852c023-958b-482e-89b3-1069a2dd52da,239,2,not_set,29106,158526476,unknown,233.4,1189975,1005504,0.422,0,(nan nan),(nan nan),0,0.0
cad2bdff-74e7-4cae-8ff4-640f93331b3b,312,1,not_set,32615,406073904,unknown,207.6,1202495,946494,0.394,0,(nan nan),(nan nan),0,0.0
cbd57b48-a1a5-4fd4-9bde-576403c4192c,249,1,not_set,3258,30491657,unknown,249.6,303996,252981,0.416,0,(nan nan),(nan nan),0,0.0
cfa79515-dece-4b97-9e5d-dfe922b2f3a9,313,1,not_set,3659,180648795,unknown,235.0,700732,575243,0.410,0,(nan nan),(nan nan),0,0.0
de359baf-de0f-491a-ad29-121079168b41,51,2,not_set,19660,247944158,unknown,232.1,708148,593206,0.419,0,(nan nan),(nan nan),0,0.0
e494a1b4-349a-40e1-8bce-6c9393827d09,212,2,not_set,89688,597248443,unknown,255.2,457417,384957,0.421,0,(nan nan),(nan nan),0,0.0
e974c2e9-eee7-4234-b4b8-652c3da481b0,238,2,not_set,23161,258392080,unknown,222.3,889118,730247,0.411,0,(nan nan),(nan nan),0,0.0
ec58de99-9620-4a5a-8c33-85c8afcd989f,87,1,not_set,5315,46113415,unknown,243.8,423796,357437,0.422,0,(nan nan),(nan nan),0,0.0
ee72b0df-17d2-40f1-baf5-aea0c3ec42c0,334,4,not_set,40481,236458752,unknown,227.8,132808,109389,0.412,0,(nan nan),(nan nan),0,0.0
f751fb46-e99d-47b6-8d70-19a3c1ec7127,74,2,not_set,91261,169093415,unknown,237.7,621591,523596,0.421,0,(nan nan),(nan nan),0,0.0
f84e44c5-15d2-4227-adb7-fb1b206dc128,230,3,not_set,7190,170414301,unknown,237.5,32749,26782,0.409,0,(nan nan),(nan nan),0,0.0
febe4b3d-337b-4f93-8073-f5ac729b6fab,284,1,not_set,3459,98294942,unknown,240.5,92099,77332,0.420,0,(nan nan),(nan nan),0,0.0
read_id: f84e44c5-15d2-4227-adb7-fb1b206dc128
read_number:	7190
start_sample:	170414301
median_before:	237.5021514892578
channel data:
	channel: 230
	well: 3
	pore_type: not_set
end reason:
	name: unknown
	forced: False
calibration:
	offset: 14.0
	scale: 0.18277831375598907
samples:
	sample_count: 32749
	byte_count: 26782
	compression ratio: 0.409
run info:
	acquisition_id: 27ce003e2a27f2fa749ebc26e04f8be83277bf6f
	acquisition_start_time: 2018-02-09 21:11:54+00:00
	adc_max: 4095
	adc_min: -4096
	context_tags: {'experiment_duration_set': '2880', 'experiment_type': 'genomic_dna', 'fast5_output_fastq_in_hdf': '0', 'fast5_raw': '1', 'fast5_reads_per_folder': '4000', 'fastq_enabled': '0', 'fastq_reads_per_file': '4000', 'filename': 'gxb01102_20180209_fah59063_ga30000_sequencing_run_180209_18_lee_001_gxb01102_003_51084', 'flowcell_type': 'flo-min106', 'local_basecalling': '0', 'local_bc_comp_model': '', 'local_bc_temp_model': 'template_r9.4_450bps_5mer_raw.jsn', 'sample_frequency': '4000', 'sequencing_kit': 'sqk-lsk108', 'user_filename_input': '180209-18-lee-001-gxb01102-003'}
	experiment_name: 
	flow_cell_id: FAH59063
	flow_cell_product_code: 
	protocol_name: a4afed9d6dd0819a0018bdce58a415658bad7841-c96d784fde700f55372b4037657781d3af542862
	protocol_run_id: 26d3ca2c-7c74-4bf1-8bf0-a8554df46236
	protocol_start_time: 1970-01-01 00:00:00+00:00
	sample_id: 180209-18-lee-001-GXB01102-003
	sample_rate: 4000
	sequencing_kit: sqk-lsk108
	sequencer_position: GA30000
	sequencer_position_type: minion
	software: python-pod5-converter
	system_name: 
	system_type: 
	tracking_id: {'asic_id': '20218638', 'asic_id_eeprom': '2440507', 'asic_temp': '30.044069', 'auto_update': '0', 'auto_update_source': 'https://mirror.oxfordnanoportal.com/software/MinKNOW/', 'bream_core_version': '1.10.11.3', 'bream_is_standard': '0', 'bream_ont_version': '1.10.11.3', 'device_id': 'GA30000', 'exp_script_name': 'a4afed9d6dd0819a0018bdce58a415658bad7841-c96d784fde700f55372b4037657781d3af542862', 'exp_script_purpose': 'sequencing_run', 'exp_start_time': '2018-02-09T21:11:54Z', 'flow_cell_id': 'FAH59063', 'heatsink_temp': '33.902344', 'hostname': 'GXB01102', 'installation_type': 'map', 'local_firmware_file': '1', 'operating_system': 'ubuntu 16.04', 'protocol_run_id': '26d3ca2c-7c74-4bf1-8bf0-a8554df46236', 'protocols_version': '1.10.11.3', 'run_id': '27ce003e2a27f2fa749ebc26e04f8be83277bf6f', 'sample_id': '180209-18-lee-001-GXB01102-003', 'usb_config': 'firm_1.2.3_ware#rbt_4.5.6_rbt#ctrl#USB3', 'version': '1.10.24'}
### Session1 Done
